{
  "numFailedTestSuites": 0,
  "numFailedTests": 0,
  "numPassedTestSuites": 1,
  "numPassedTests": 3,
  "numPendingTestSuites": 0,
  "numPendingTests": 0,
  "numRuntimeErrorTestSuites": 0,
  "numTodoTests": 0,
  "numTotalTestSuites": 1,
  "numTotalTests": 3,
  "openHandles": [],
  "snapshot": {
    "added": 0,
    "didUpdate": false,
    "failure": false,
    "filesAdded": 0,
    "filesRemoved": 0,
    "filesRemovedList": [],
    "filesUnmatched": 0,
    "filesUpdated": 0,
    "matched": 0,
    "total": 0,
    "unchecked": 0,
    "uncheckedKeysByFile": [],
    "unmatched": 0,
    "updated": 0
  },
  "startTime": 1723355108443,
  "success": false,
  "testResults": [
    {
      "leaks": false,
      "numFailingTests": 0,
      "numPassingTests": 3,
      "numPendingTests": 0,
      "numTodoTests": 0,
      "openHandles": [],
      "perfStats": {
        "end": 1723355109198,
        "runtime": 623,
        "slow": false,
        "start": 1723355108575
      },
      "skipped": false,
      "snapshot": {
        "added": 0,
        "fileDeleted": false,
        "matched": 0,
        "unchecked": 0,
        "uncheckedKeys": [],
        "unmatched": 0,
        "updated": 0
      },
      "testFilePath": "C:\\Projects_Sinqia\\Projects_JavaScript\\PGATS\\PGATS-pos-graduacao-disciplina-teste-de-api\\PRIMEIRO-TEST\\pos-graduacao-teste-de-api\\test\\conteudo\\trabalhoDeRecuperacao-e2e.test.js",
      "testResults": [
        {
          "ancestorTitles": [
            "Testes GET, POST rota conteúdos do Trabalho de Recuperação API Rest"
          ],
          "duration": 89,
          "failureDetails": [],
          "failureMessages": [],
          "fullName": "Testes GET, POST rota conteúdos do Trabalho de Recuperação API Rest CT01 - recuperação - Deve consultar lista de conteudos e verificar se o status da resposta é 200 e que o corpo da resposta é um array",
          "invocations": 1,
          "location": null,
          "numPassingAsserts": 3,
          "retryReasons": [],
          "status": "passed",
          "title": "CT01 - recuperação - Deve consultar lista de conteudos e verificar se o status da resposta é 200 e que o corpo da resposta é um array"
        },
        {
          "ancestorTitles": [
            "Testes GET, POST rota conteúdos do Trabalho de Recuperação API Rest"
          ],
          "duration": 19,
          "failureDetails": [],
          "failureMessages": [],
          "fullName": "Testes GET, POST rota conteúdos do Trabalho de Recuperação API Rest CT02 - recuperação - Deve Retorna 201 e ID no corpo ao criar conteúdo com sucesso.",
          "invocations": 1,
          "location": null,
          "numPassingAsserts": 3,
          "retryReasons": [],
          "status": "passed",
          "title": "CT02 - recuperação - Deve Retorna 201 e ID no corpo ao criar conteúdo com sucesso."
        },
        {
          "ancestorTitles": [
            "Testes GET, POST rota conteúdos do Trabalho de Recuperação API Rest"
          ],
          "duration": 7,
          "failureDetails": [],
          "failureMessages": [],
          "fullName": "Testes GET, POST rota conteúdos do Trabalho de Recuperação API Rest CT03 - recuperação - Deve retornar status code 422 e mensagem de erro: Os seguintes campos são obrigatórios: titulo",
          "invocations": 1,
          "location": null,
          "numPassingAsserts": 3,
          "retryReasons": [],
          "status": "passed",
          "title": "CT03 - recuperação - Deve retornar status code 422 e mensagem de erro: Os seguintes campos são obrigatórios: titulo"
        }
      ],
      "failureMessage": null
    }
  ],
  "wasInterrupted": false
}