{
  "numFailedTestSuites": 0,
  "numFailedTests": 0,
  "numPassedTestSuites": 1,
  "numPassedTests": 4,
  "numPendingTestSuites": 0,
  "numPendingTests": 0,
  "numRuntimeErrorTestSuites": 0,
  "numTodoTests": 0,
  "numTotalTestSuites": 1,
  "numTotalTests": 4,
  "openHandles": [],
  "snapshot": {
    "added": 0,
    "didUpdate": false,
    "failure": false,
    "filesAdded": 0,
    "filesRemoved": 0,
    "filesRemovedList": [],
    "filesUnmatched": 0,
    "filesUpdated": 0,
    "matched": 0,
    "total": 0,
    "unchecked": 0,
    "uncheckedKeysByFile": [],
    "unmatched": 0,
    "updated": 0
  },
  "startTime": 1722316072377,
  "success": false,
  "testResults": [
    {
      "leaks": false,
      "numFailingTests": 0,
      "numPassingTests": 4,
      "numPendingTests": 0,
      "numTodoTests": 0,
      "openHandles": [],
      "perfStats": {
        "end": 1722316076481,
        "runtime": 4004,
        "slow": false,
        "start": 1722316072477
      },
      "skipped": false,
      "snapshot": {
        "added": 0,
        "fileDeleted": false,
        "matched": 0,
        "unchecked": 0,
        "uncheckedKeys": [],
        "unmatched": 0,
        "updated": 0
      },
      "testFilePath": "C:\\Projects_Sinqia\\Projects_JavaScript\\PGATS\\PGATS-pos-graduacao-disciplina-teste-de-api\\PRIMEIRO-TEST\\pos-graduacao-teste-de-api\\test\\test-users.test.js",
      "testResults": [
        {
          "ancestorTitles": [
            "Suite de testes crud (post, get, put, delete)"
          ],
          "duration": 73,
          "failureDetails": [],
          "failureMessages": [],
          "fullName": "Suite de testes crud (post, get, put, delete) CT001 - Ausencia de campo email, deverá gerar o status code 422 e emitir uma mensagem de erro validando a mesma",
          "invocations": 1,
          "location": null,
          "numPassingAsserts": 2,
          "retryReasons": [],
          "status": "passed",
          "title": "CT001 - Ausencia de campo email, deverá gerar o status code 422 e emitir uma mensagem de erro validando a mesma"
        },
        {
          "ancestorTitles": [
            "Suite de testes crud (post, get, put, delete)"
          ],
          "duration": 17,
          "failureDetails": [],
          "failureMessages": [],
          "fullName": "Suite de testes crud (post, get, put, delete) CT002 - Cadastrando um usuário, e consultando o retorno dos campos, se foram enviados.",
          "invocations": 1,
          "location": null,
          "numPassingAsserts": 2,
          "retryReasons": [],
          "status": "passed",
          "title": "CT002 - Cadastrando um usuário, e consultando o retorno dos campos, se foram enviados."
        },
        {
          "ancestorTitles": [
            "Suite de testes crud (post, get, put, delete)"
          ],
          "duration": 70,
          "failureDetails": [],
          "failureMessages": [],
          "fullName": "Suite de testes crud (post, get, put, delete) CT003 - Alterando o registro cadastrado anteriormente, e verificando se os dados realmente foram alterados.",
          "invocations": 1,
          "location": null,
          "numPassingAsserts": 7,
          "retryReasons": [],
          "status": "passed",
          "title": "CT003 - Alterando o registro cadastrado anteriormente, e verificando se os dados realmente foram alterados."
        },
        {
          "ancestorTitles": [
            "Suite de testes crud (post, get, put, delete)"
          ],
          "duration": 23,
          "failureDetails": [],
          "failureMessages": [],
          "fullName": "Suite de testes crud (post, get, put, delete) CT004 - Deverá remover o registro cadastrado anteriormente. E retornar 204.",
          "invocations": 1,
          "location": null,
          "numPassingAsserts": 3,
          "retryReasons": [],
          "status": "passed",
          "title": "CT004 - Deverá remover o registro cadastrado anteriormente. E retornar 204."
        }
      ],
      "failureMessage": null
    }
  ],
  "wasInterrupted": false
}